<?xml version="1.0" encoding="UTF-8"?>
<!-- Generated by org.testng.reporters.JUnitReportReporter -->
<testsuite skipped="0" hostname="DESKTOP-ENJ9P39" name="com.aj.test.PriceComparisionTest" tests="1" failures="0" timestamp="2020-08-22T10:10:25 IST" time="8.826" errors="0">
  <testcase name="test001" time="8.826" classname="com.aj.test.PriceComparisionTest"/>
  <system-out/>
</testsuite> <!-- com.aj.test.PriceComparisionTest -->
