<?xml version="1.0" encoding="UTF-8"?>
<!-- Generated by org.testng.reporters.JUnitReportReporter -->
<testsuite skipped="0" hostname="DESKTOP-ENJ9P39" name="com.aj.test.Test1" tests="2" failures="0" timestamp="2020-08-22T12:06:08 IST" time="10.497" errors="0">
  <testcase name="test002" time="4.656" classname="com.aj.test.Test1"/>
  <system-out/>
  <testcase name="test001" time="5.841" classname="com.aj.test.Test1"/>
  <system-out/>
</testsuite> <!-- com.aj.test.Test1 -->
