<?xml version="1.0" encoding="UTF-8"?>
<!-- Generated by org.testng.reporters.JUnitReportReporter -->
<testsuite skipped="0" hostname="DESKTOP-ENJ9P39" name="com.aj.test.DataSource" tests="2" failures="0" timestamp="2020-08-22T10:27:52 IST" time="7.981" errors="0">
  <testcase name="test001" time="5.155" classname="com.aj.test.DataSource"/>
  <system-out/>
  <testcase name="test002" time="2.826" classname="com.aj.test.DataSource"/>
  <system-out/>
</testsuite> <!-- com.aj.test.DataSource -->
