<?xml version="1.0" encoding="UTF-8"?>
<!-- Generated by org.testng.reporters.JUnitReportReporter -->
<testsuite skipped="0" hostname="DESKTOP-ENJ9P39" name="com.aj.test.ProductPriceComparisionTest" tests="2" failures="0" timestamp="2020-08-22T18:28:03 IST" time="8.233" errors="0">
  <testcase name="test001" time="5.185" classname="com.aj.test.ProductPriceComparisionTest"/>
  <system-out/>
  <testcase name="test002" time="3.048" classname="com.aj.test.ProductPriceComparisionTest"/>
  <system-out/>
</testsuite> <!-- com.aj.test.ProductPriceComparisionTest -->
